submitit INFO (2023-12-26 14:49:10,248) - Starting with JobEnvironment(job_id=76194, hostname=DESKTOP-VG2ACD7, local_rank=0(1), node=0(1), global_rank=0(1))
submitit INFO (2023-12-26 14:49:10,249) - Loading pickle: /mnt/c/Users/Moham/Desktop/KAUST/results/76194_submitted.pkl
Process group: 1 tasks, rank: 0
Will run the code on one GPU.
| distributed init (rank 0): file:///mnt/c/Users/Moham/Desktop/KAUST/checkpoint/mohammed/experiments/a3272586e3374d1092f2fffdf9fac824_init
git:
  sha: 86e83db27a8c73db6ff1039210aab24336f4d90f, status: has uncommited changes, branch: master

arch: vit_small
batch_size_per_gpu: 1
clip_grad: 3.0
comment: 
data: CC3M:/mnt/d/data/CC3M/cc3m/
dist_url: file:///mnt/c/Users/Moham/Desktop/KAUST/checkpoint/mohammed/experiments/a3272586e3374d1092f2fffdf9fac824_init
drop_path_rate: 0.1
epochs: 100
freeze_last_layer: 1
global_crops_scale: (0.4, 1.0)
gpu: 0
local_crops_number: 8
local_crops_scale: (0.05, 0.4)
local_rank: 0
lr: 0.0005
min_lr: 1e-06
momentum_teacher: 0.996
ngpus: 1
nodes: 1
norm_last_layer: True
num_workers: 10
objective: dino
optimizer: adamw
out_dim: 65536
output_dir: /mnt/c/Users/Moham/Desktop/KAUST/results
partition: learnfair
patch_size: 16
rank: 0
saveckp_freq: 20
seed: 0
teacher_temp: 0.04
timeout: 2800
use_bn_in_head: False
use_fp16: False
use_volta32: False
warmup_epochs: 10
warmup_teacher_temp: 0.04
warmup_teacher_temp_epochs: 0
weight_decay: 0.04
weight_decay_end: 0.4
world_size: 1
Number of images loaded in CC3M are: {2668836}
Data loaded: there are 2668836 images.
Student and Teacher are built: they are both vit_small network.
