THCudaCheck FAIL file=/pytorch/aten/src/THC/THCCachingHostAllocator.cpp line=278 error=2 : out of memory
submitit ERROR (2024-01-04 20:06:49,676) - Submitted job triggered an exception
Traceback (most recent call last):
  File "/usr/lib/python3.8/runpy.py", line 194, in _run_module_as_main
    return _run_code(code, main_globals, None,
  File "/usr/lib/python3.8/runpy.py", line 87, in _run_code
    exec(code, run_globals)
  File "/home/mohammed/seg/lib/python3.8/site-packages/submitit/core/_submit.py", line 11, in <module>
    submitit_main()
  File "/home/mohammed/seg/lib/python3.8/site-packages/submitit/core/submission.py", line 76, in submitit_main
    process_job(args.folder)
  File "/home/mohammed/seg/lib/python3.8/site-packages/submitit/core/submission.py", line 69, in process_job
    raise error
  File "/home/mohammed/seg/lib/python3.8/site-packages/submitit/core/submission.py", line 55, in process_job
    result = delayed.result()
  File "/home/mohammed/seg/lib/python3.8/site-packages/submitit/core/utils.py", line 133, in result
    self._result = self.function(*self.args, **self.kwargs)
  File "run_with_submitit_finetune.py", line 64, in __call__
    run_class_finetuning.main(self.args, self.parser)
  File "/mnt/c/Users/Moham/Desktop/Harmony/unilm/beit/run_class_finetuning.py", line 516, in main
    model = torch.nn.parallel.DistributedDataParallel(model, device_ids=[args.gpu], find_unused_parameters=True)
  File "/home/mohammed/seg/lib/python3.8/site-packages/torch/nn/parallel/distributed.py", line 410, in __init__
    self._sync_params_and_buffers(authoritative_rank=0)
  File "/home/mohammed/seg/lib/python3.8/site-packages/torch/nn/parallel/distributed.py", line 417, in _sync_params_and_buffers
    self._distributed_broadcast_coalesced(
  File "/home/mohammed/seg/lib/python3.8/site-packages/torch/nn/parallel/distributed.py", line 978, in _distributed_broadcast_coalesced
    dist._broadcast_coalesced(
RuntimeError: cuda runtime error (2) : out of memory at /pytorch/aten/src/THC/THCCachingHostAllocator.cpp:278
